[0.112s] [34mcolcon[0m [1;30mDEBUG[0m [32mCommand line arguments: ['/usr/bin/colcon', 'build', '--symlink-install', '--cmake-args', '-DCMAKE_EXPORT_COMPILE_COMMANDS=ON', '-DCMAKE_BUILD_TYPE=Release'][0m
[0.112s] [34mcolcon[0m [1;30mDEBUG[0m [32mParsed command line arguments: Namespace(log_base=None, log_level=None, verb_name='build', build_base='build', install_base='install', merge_install=False, symlink_install=True, test_result_base=None, continue_on_error=False, executor='parallel', parallel_workers=12, event_handlers=None, ignore_user_meta=False, metas=['./colcon.meta'], base_paths=['.'], packages_ignore=None, packages_ignore_regex=None, paths=None, packages_up_to=None, packages_up_to_regex=None, packages_above=None, packages_above_and_dependencies=None, packages_above_depth=None, packages_select_by_dep=None, packages_skip_by_dep=None, packages_skip_up_to=None, packages_select_build_failed=False, packages_skip_build_finished=False, packages_select_test_failures=False, packages_skip_test_passed=False, packages_select=None, packages_skip=None, packages_select_regex=None, packages_skip_regex=None, packages_start=None, packages_end=None, allow_overriding=[], cmake_args=['-DCMAKE_EXPORT_COMPILE_COMMANDS=ON', '-DCMAKE_BUILD_TYPE=Release'], cmake_target=None, cmake_target_skip_unavailable=False, cmake_clean_cache=False, cmake_clean_first=False, cmake_force_configure=False, ament_cmake_args=None, catkin_cmake_args=None, catkin_skip_building_tests=False, verb_parser=<colcon_defaults.argument_parser.defaults.DefaultArgumentsDecorator object at 0x7fa0b3ac5450>, verb_extension=<colcon_core.verb.build.BuildVerb object at 0x7fa0b3c06560>, main=<bound method BuildVerb.main of <colcon_core.verb.build.BuildVerb object at 0x7fa0b3c06560>>)[0m
[0.148s] [34mcolcon.colcon_core.package_discovery[0m [1;30mLevel 1[0m discover_packages(colcon_meta) check parameters
[0.148s] [34mcolcon.colcon_core.package_discovery[0m [1;30mLevel 1[0m discover_packages(recursive) check parameters
[0.148s] [34mcolcon.colcon_core.package_discovery[0m [1;30mLevel 1[0m discover_packages(ignore) check parameters
[0.148s] [34mcolcon.colcon_core.package_discovery[0m [1;30mLevel 1[0m discover_packages(path) check parameters
[0.148s] [34mcolcon.colcon_core.package_discovery[0m [1;30mLevel 1[0m discover_packages(colcon_meta) discover
[0.148s] [34mcolcon.colcon_core.package_discovery[0m [1;30mLevel 1[0m discover_packages(recursive) discover
[0.149s] [34mcolcon.colcon_core.package_discovery[0m [1;30mINFO[0m Crawling recursively for packages in '/home/gabriel/pb_omni_pid_pursuit_controller'
[0.149s] [34mcolcon.colcon_core.package_identification[0m [1;30mLevel 1[0m _identify(.) by extensions ['ignore', 'ignore_ament_install']
[0.149s] [34mcolcon.colcon_core.package_identification[0m [1;30mLevel 1[0m _identify(.) by extension 'ignore'
[0.149s] [34mcolcon.colcon_core.package_identification[0m [1;30mLevel 1[0m _identify(.) by extension 'ignore_ament_install'
[0.149s] [34mcolcon.colcon_core.package_identification[0m [1;30mLevel 1[0m _identify(.) by extensions ['colcon_pkg']
[0.149s] [34mcolcon.colcon_core.package_identification[0m [1;30mLevel 1[0m _identify(.) by extension 'colcon_pkg'
[0.149s] [34mcolcon.colcon_core.package_identification[0m [1;30mLevel 1[0m _identify(.) by extensions ['colcon_meta']
[0.149s] [34mcolcon.colcon_core.package_identification[0m [1;30mLevel 1[0m _identify(.) by extension 'colcon_meta'
[0.149s] [34mcolcon.colcon_core.package_identification[0m [1;30mLevel 1[0m _identify(.) by extensions ['ros']
[0.149s] [34mcolcon.colcon_core.package_identification[0m [1;30mLevel 1[0m _identify(.) by extension 'ros'
[0.168s] [34mcolcon.colcon_core.package_identification[0m [1;30mDEBUG[0m [32mPackage '.' with type 'ros.ament_cmake' and name 'pb_omni_pid_pursuit_controller'[0m
[0.168s] [34mcolcon.colcon_core.package_discovery[0m [1;30mLevel 1[0m discover_packages(recursive) using defaults
[0.168s] [34mcolcon.colcon_core.package_discovery[0m [1;30mLevel 1[0m discover_packages(ignore) discover
[0.168s] [34mcolcon.colcon_core.package_discovery[0m [1;30mLevel 1[0m discover_packages(ignore) using defaults
[0.168s] [34mcolcon.colcon_core.package_discovery[0m [1;30mLevel 1[0m discover_packages(path) discover
[0.168s] [34mcolcon.colcon_core.package_discovery[0m [1;30mLevel 1[0m discover_packages(path) using defaults
[0.184s] [34mcolcon.colcon_core.package_discovery[0m [1;30mLevel 1[0m discover_packages(prefix_path) check parameters
[0.184s] [34mcolcon.colcon_core.package_discovery[0m [1;30mLevel 1[0m discover_packages(prefix_path) discover
[0.186s] [34mcolcon.colcon_installed_package_information.package_discovery[0m [1;30mDEBUG[0m [32mFound 409 installed packages in /opt/ros/humble[0m
[0.188s] [34mcolcon.colcon_core.package_discovery[0m [1;30mLevel 1[0m discover_packages(prefix_path) using defaults
[0.238s] [34mcolcon.colcon_core.verb[0m [1;30mLevel 5[0m set package 'pb_omni_pid_pursuit_controller' build argument 'cmake_args' from command line to '['-DCMAKE_EXPORT_COMPILE_COMMANDS=ON', '-DCMAKE_BUILD_TYPE=Release']'
[0.238s] [34mcolcon.colcon_core.verb[0m [1;30mLevel 5[0m set package 'pb_omni_pid_pursuit_controller' build argument 'cmake_target' from command line to 'None'
[0.238s] [34mcolcon.colcon_core.verb[0m [1;30mLevel 5[0m set package 'pb_omni_pid_pursuit_controller' build argument 'cmake_target_skip_unavailable' from command line to 'False'
[0.238s] [34mcolcon.colcon_core.verb[0m [1;30mLevel 5[0m set package 'pb_omni_pid_pursuit_controller' build argument 'cmake_clean_cache' from command line to 'False'
[0.238s] [34mcolcon.colcon_core.verb[0m [1;30mLevel 5[0m set package 'pb_omni_pid_pursuit_controller' build argument 'cmake_clean_first' from command line to 'False'
[0.238s] [34mcolcon.colcon_core.verb[0m [1;30mLevel 5[0m set package 'pb_omni_pid_pursuit_controller' build argument 'cmake_force_configure' from command line to 'False'
[0.238s] [34mcolcon.colcon_core.verb[0m [1;30mLevel 5[0m set package 'pb_omni_pid_pursuit_controller' build argument 'ament_cmake_args' from command line to 'None'
[0.238s] [34mcolcon.colcon_core.verb[0m [1;30mLevel 5[0m set package 'pb_omni_pid_pursuit_controller' build argument 'catkin_cmake_args' from command line to 'None'
[0.238s] [34mcolcon.colcon_core.verb[0m [1;30mLevel 5[0m set package 'pb_omni_pid_pursuit_controller' build argument 'catkin_skip_building_tests' from command line to 'False'
[0.238s] [34mcolcon.colcon_core.verb[0m [1;30mDEBUG[0m [32mBuilding package 'pb_omni_pid_pursuit_controller' with the following arguments: {'ament_cmake_args': None, 'build_base': '/home/gabriel/pb_omni_pid_pursuit_controller/build/pb_omni_pid_pursuit_controller', 'catkin_cmake_args': None, 'catkin_skip_building_tests': False, 'cmake_args': ['-DCMAKE_EXPORT_COMPILE_COMMANDS=ON', '-DCMAKE_BUILD_TYPE=Release'], 'cmake_clean_cache': False, 'cmake_clean_first': False, 'cmake_force_configure': False, 'cmake_target': None, 'cmake_target_skip_unavailable': False, 'install_base': '/home/gabriel/pb_omni_pid_pursuit_controller/install/pb_omni_pid_pursuit_controller', 'merge_install': False, 'path': '/home/gabriel/pb_omni_pid_pursuit_controller', 'symlink_install': True, 'test_result_base': None}[0m
[0.238s] [34mcolcon.colcon_core.executor[0m [1;30mINFO[0m Executing jobs using 'parallel' executor
[0.239s] [34mcolcon.colcon_parallel_executor.executor.parallel[0m [1;30mDEBUG[0m [32mrun_until_complete[0m
[0.239s] [34mcolcon.colcon_ros.task.ament_cmake.build[0m [1;30mINFO[0m Building ROS package in '/home/gabriel/pb_omni_pid_pursuit_controller' with build type 'ament_cmake'
[0.239s] [34mcolcon.colcon_cmake.task.cmake.build[0m [1;30mINFO[0m Building CMake package in '/home/gabriel/pb_omni_pid_pursuit_controller'
[0.241s] [34mcolcon.colcon_core.plugin_system[0m [1;30mINFO[0m Skipping extension 'colcon_core.shell.bat': Not used on non-Windows systems
[0.241s] [34mcolcon.colcon_core.shell[0m [1;30mINFO[0m Skip shell extension 'powershell' for command environment: Not usable outside of PowerShell
[0.241s] [34mcolcon.colcon_core.shell[0m [1;30mDEBUG[0m [32mSkip shell extension 'dsv' for command environment[0m
[0.249s] [34mcolcon.colcon_core.event_handler.log_command[0m [1;30mDEBUG[0m [32mInvoking command in '/home/gabriel/pb_omni_pid_pursuit_controller/build/pb_omni_pid_pursuit_controller': CMAKE_PREFIX_PATH=${CMAKE_PREFIX_PATH}:/opt/ros/humble /usr/bin/cmake /home/gabriel/pb_omni_pid_pursuit_controller -DCMAKE_EXPORT_COMPILE_COMMANDS=ON -DCMAKE_BUILD_TYPE=Release -DAMENT_CMAKE_SYMLINK_INSTALL=1 -DCMAKE_INSTALL_PREFIX=/home/gabriel/pb_omni_pid_pursuit_controller/install/pb_omni_pid_pursuit_controller[0m
[2.164s] [34mcolcon.colcon_core.event_handler.log_command[0m [1;30mDEBUG[0m [32mInvoked command in '/home/gabriel/pb_omni_pid_pursuit_controller/build/pb_omni_pid_pursuit_controller' returned '0': CMAKE_PREFIX_PATH=${CMAKE_PREFIX_PATH}:/opt/ros/humble /usr/bin/cmake /home/gabriel/pb_omni_pid_pursuit_controller -DCMAKE_EXPORT_COMPILE_COMMANDS=ON -DCMAKE_BUILD_TYPE=Release -DAMENT_CMAKE_SYMLINK_INSTALL=1 -DCMAKE_INSTALL_PREFIX=/home/gabriel/pb_omni_pid_pursuit_controller/install/pb_omni_pid_pursuit_controller[0m
[2.166s] [34mcolcon.colcon_core.event_handler.log_command[0m [1;30mDEBUG[0m [32mInvoking command in '/home/gabriel/pb_omni_pid_pursuit_controller/build/pb_omni_pid_pursuit_controller': CMAKE_PREFIX_PATH=${CMAKE_PREFIX_PATH}:/opt/ros/humble /usr/bin/cmake --build /home/gabriel/pb_omni_pid_pursuit_controller/build/pb_omni_pid_pursuit_controller -- -j12 -l12[0m
[10.233s] [34mcolcon.colcon_core.event_handler.log_command[0m [1;30mDEBUG[0m [32mInvoked command in '/home/gabriel/pb_omni_pid_pursuit_controller/build/pb_omni_pid_pursuit_controller' returned '0': CMAKE_PREFIX_PATH=${CMAKE_PREFIX_PATH}:/opt/ros/humble /usr/bin/cmake --build /home/gabriel/pb_omni_pid_pursuit_controller/build/pb_omni_pid_pursuit_controller -- -j12 -l12[0m
[10.265s] [34mcolcon.colcon_core.event_handler.log_command[0m [1;30mDEBUG[0m [32mInvoking command in '/home/gabriel/pb_omni_pid_pursuit_controller/build/pb_omni_pid_pursuit_controller': CMAKE_PREFIX_PATH=${CMAKE_PREFIX_PATH}:/opt/ros/humble /usr/bin/cmake --install /home/gabriel/pb_omni_pid_pursuit_controller/build/pb_omni_pid_pursuit_controller[0m
[10.444s] [34mcolcon.colcon_core.environment[0m [1;30mLevel 1[0m create_environment_scripts_only(pb_omni_pid_pursuit_controller)
[10.445s] [34mcolcon.colcon_core.event_handler.log_command[0m [1;30mDEBUG[0m [32mInvoked command in '/home/gabriel/pb_omni_pid_pursuit_controller/build/pb_omni_pid_pursuit_controller' returned '0': CMAKE_PREFIX_PATH=${CMAKE_PREFIX_PATH}:/opt/ros/humble /usr/bin/cmake --install /home/gabriel/pb_omni_pid_pursuit_controller/build/pb_omni_pid_pursuit_controller[0m
[10.447s] [34mcolcon.colcon_core.environment[0m [1;30mLevel 1[0m checking '/home/gabriel/pb_omni_pid_pursuit_controller/install/pb_omni_pid_pursuit_controller' for CMake module files
[10.448s] [34mcolcon.colcon_core.environment[0m [1;30mLevel 1[0m checking '/home/gabriel/pb_omni_pid_pursuit_controller/install/pb_omni_pid_pursuit_controller' for CMake config files
[10.448s] [34mcolcon.colcon_core.shell[0m [1;30mLevel 1[0m create_environment_hook('pb_omni_pid_pursuit_controller', 'cmake_prefix_path')
[10.449s] [34mcolcon.colcon_core.shell[0m [1;30mINFO[0m Creating environment hook '/home/gabriel/pb_omni_pid_pursuit_controller/install/pb_omni_pid_pursuit_controller/share/pb_omni_pid_pursuit_controller/hook/cmake_prefix_path.ps1'
[10.450s] [34mcolcon.colcon_core.shell[0m [1;30mINFO[0m Creating environment descriptor '/home/gabriel/pb_omni_pid_pursuit_controller/install/pb_omni_pid_pursuit_controller/share/pb_omni_pid_pursuit_controller/hook/cmake_prefix_path.dsv'
[10.450s] [34mcolcon.colcon_core.shell[0m [1;30mINFO[0m Creating environment hook '/home/gabriel/pb_omni_pid_pursuit_controller/install/pb_omni_pid_pursuit_controller/share/pb_omni_pid_pursuit_controller/hook/cmake_prefix_path.sh'
[10.451s] [34mcolcon.colcon_core.environment[0m [1;30mLevel 1[0m checking '/home/gabriel/pb_omni_pid_pursuit_controller/install/pb_omni_pid_pursuit_controller/lib'
[10.452s] [34mcolcon.colcon_core.shell[0m [1;30mLevel 1[0m create_environment_hook('pb_omni_pid_pursuit_controller', 'ld_library_path_lib')
[10.452s] [34mcolcon.colcon_core.shell[0m [1;30mINFO[0m Creating environment hook '/home/gabriel/pb_omni_pid_pursuit_controller/install/pb_omni_pid_pursuit_controller/share/pb_omni_pid_pursuit_controller/hook/ld_library_path_lib.ps1'
[10.452s] [34mcolcon.colcon_core.shell[0m [1;30mINFO[0m Creating environment descriptor '/home/gabriel/pb_omni_pid_pursuit_controller/install/pb_omni_pid_pursuit_controller/share/pb_omni_pid_pursuit_controller/hook/ld_library_path_lib.dsv'
[10.453s] [34mcolcon.colcon_core.shell[0m [1;30mINFO[0m Creating environment hook '/home/gabriel/pb_omni_pid_pursuit_controller/install/pb_omni_pid_pursuit_controller/share/pb_omni_pid_pursuit_controller/hook/ld_library_path_lib.sh'
[10.453s] [34mcolcon.colcon_core.environment[0m [1;30mLevel 1[0m checking '/home/gabriel/pb_omni_pid_pursuit_controller/install/pb_omni_pid_pursuit_controller/bin'
[10.453s] [34mcolcon.colcon_core.environment[0m [1;30mLevel 1[0m checking '/home/gabriel/pb_omni_pid_pursuit_controller/install/pb_omni_pid_pursuit_controller/lib/pkgconfig/pb_omni_pid_pursuit_controller.pc'
[10.453s] [34mcolcon.colcon_core.environment[0m [1;30mLevel 1[0m checking '/home/gabriel/pb_omni_pid_pursuit_controller/install/pb_omni_pid_pursuit_controller/lib/python3.10/site-packages'
[10.453s] [34mcolcon.colcon_core.environment[0m [1;30mLevel 1[0m checking '/home/gabriel/pb_omni_pid_pursuit_controller/install/pb_omni_pid_pursuit_controller/bin'
[10.454s] [34mcolcon.colcon_core.shell[0m [1;30mINFO[0m Creating package script '/home/gabriel/pb_omni_pid_pursuit_controller/install/pb_omni_pid_pursuit_controller/share/pb_omni_pid_pursuit_controller/package.ps1'
[10.454s] [34mcolcon.colcon_core.shell[0m [1;30mINFO[0m Creating package descriptor '/home/gabriel/pb_omni_pid_pursuit_controller/install/pb_omni_pid_pursuit_controller/share/pb_omni_pid_pursuit_controller/package.dsv'
[10.455s] [34mcolcon.colcon_core.shell[0m [1;30mINFO[0m Creating package script '/home/gabriel/pb_omni_pid_pursuit_controller/install/pb_omni_pid_pursuit_controller/share/pb_omni_pid_pursuit_controller/package.sh'
[10.456s] [34mcolcon.colcon_core.shell[0m [1;30mINFO[0m Creating package script '/home/gabriel/pb_omni_pid_pursuit_controller/install/pb_omni_pid_pursuit_controller/share/pb_omni_pid_pursuit_controller/package.bash'
[10.456s] [34mcolcon.colcon_core.shell[0m [1;30mINFO[0m Creating package script '/home/gabriel/pb_omni_pid_pursuit_controller/install/pb_omni_pid_pursuit_controller/share/pb_omni_pid_pursuit_controller/package.zsh'
[10.457s] [34mcolcon.colcon_core.environment[0m [1;30mLevel 1[0m create_file_with_runtime_dependencies(/home/gabriel/pb_omni_pid_pursuit_controller/install/pb_omni_pid_pursuit_controller/share/colcon-core/packages/pb_omni_pid_pursuit_controller)
[10.480s] [34mcolcon.colcon_core.environment[0m [1;30mLevel 1[0m create_environment_scripts_only(pb_omni_pid_pursuit_controller)
[10.480s] [34mcolcon.colcon_core.environment[0m [1;30mLevel 1[0m checking '/home/gabriel/pb_omni_pid_pursuit_controller/install/pb_omni_pid_pursuit_controller' for CMake module files
[10.480s] [34mcolcon.colcon_core.environment[0m [1;30mLevel 1[0m checking '/home/gabriel/pb_omni_pid_pursuit_controller/install/pb_omni_pid_pursuit_controller' for CMake config files
[10.481s] [34mcolcon.colcon_core.shell[0m [1;30mLevel 1[0m create_environment_hook('pb_omni_pid_pursuit_controller', 'cmake_prefix_path')
[10.481s] [34mcolcon.colcon_core.shell[0m [1;30mINFO[0m Creating environment hook '/home/gabriel/pb_omni_pid_pursuit_controller/install/pb_omni_pid_pursuit_controller/share/pb_omni_pid_pursuit_controller/hook/cmake_prefix_path.ps1'
[10.481s] [34mcolcon.colcon_core.shell[0m [1;30mINFO[0m Creating environment descriptor '/home/gabriel/pb_omni_pid_pursuit_controller/install/pb_omni_pid_pursuit_controller/share/pb_omni_pid_pursuit_controller/hook/cmake_prefix_path.dsv'
[10.481s] [34mcolcon.colcon_core.shell[0m [1;30mINFO[0m Creating environment hook '/home/gabriel/pb_omni_pid_pursuit_controller/install/pb_omni_pid_pursuit_controller/share/pb_omni_pid_pursuit_controller/hook/cmake_prefix_path.sh'
[10.482s] [34mcolcon.colcon_core.environment[0m [1;30mLevel 1[0m checking '/home/gabriel/pb_omni_pid_pursuit_controller/install/pb_omni_pid_pursuit_controller/lib'
[10.482s] [34mcolcon.colcon_core.shell[0m [1;30mLevel 1[0m create_environment_hook('pb_omni_pid_pursuit_controller', 'ld_library_path_lib')
[10.482s] [34mcolcon.colcon_core.shell[0m [1;30mINFO[0m Creating environment hook '/home/gabriel/pb_omni_pid_pursuit_controller/install/pb_omni_pid_pursuit_controller/share/pb_omni_pid_pursuit_controller/hook/ld_library_path_lib.ps1'
[10.482s] [34mcolcon.colcon_core.shell[0m [1;30mINFO[0m Creating environment descriptor '/home/gabriel/pb_omni_pid_pursuit_controller/install/pb_omni_pid_pursuit_controller/share/pb_omni_pid_pursuit_controller/hook/ld_library_path_lib.dsv'
[10.483s] [34mcolcon.colcon_core.shell[0m [1;30mINFO[0m Creating environment hook '/home/gabriel/pb_omni_pid_pursuit_controller/install/pb_omni_pid_pursuit_controller/share/pb_omni_pid_pursuit_controller/hook/ld_library_path_lib.sh'
[10.483s] [34mcolcon.colcon_core.environment[0m [1;30mLevel 1[0m checking '/home/gabriel/pb_omni_pid_pursuit_controller/install/pb_omni_pid_pursuit_controller/bin'
[10.483s] [34mcolcon.colcon_core.environment[0m [1;30mLevel 1[0m checking '/home/gabriel/pb_omni_pid_pursuit_controller/install/pb_omni_pid_pursuit_controller/lib/pkgconfig/pb_omni_pid_pursuit_controller.pc'
[10.484s] [34mcolcon.colcon_core.environment[0m [1;30mLevel 1[0m checking '/home/gabriel/pb_omni_pid_pursuit_controller/install/pb_omni_pid_pursuit_controller/lib/python3.10/site-packages'
[10.484s] [34mcolcon.colcon_core.environment[0m [1;30mLevel 1[0m checking '/home/gabriel/pb_omni_pid_pursuit_controller/install/pb_omni_pid_pursuit_controller/bin'
[10.484s] [34mcolcon.colcon_core.shell[0m [1;30mINFO[0m Creating package script '/home/gabriel/pb_omni_pid_pursuit_controller/install/pb_omni_pid_pursuit_controller/share/pb_omni_pid_pursuit_controller/package.ps1'
[10.485s] [34mcolcon.colcon_core.shell[0m [1;30mINFO[0m Creating package descriptor '/home/gabriel/pb_omni_pid_pursuit_controller/install/pb_omni_pid_pursuit_controller/share/pb_omni_pid_pursuit_controller/package.dsv'
[10.485s] [34mcolcon.colcon_core.shell[0m [1;30mINFO[0m Creating package script '/home/gabriel/pb_omni_pid_pursuit_controller/install/pb_omni_pid_pursuit_controller/share/pb_omni_pid_pursuit_controller/package.sh'
[10.486s] [34mcolcon.colcon_core.shell[0m [1;30mINFO[0m Creating package script '/home/gabriel/pb_omni_pid_pursuit_controller/install/pb_omni_pid_pursuit_controller/share/pb_omni_pid_pursuit_controller/package.bash'
[10.486s] [34mcolcon.colcon_core.shell[0m [1;30mINFO[0m Creating package script '/home/gabriel/pb_omni_pid_pursuit_controller/install/pb_omni_pid_pursuit_controller/share/pb_omni_pid_pursuit_controller/package.zsh'
[10.486s] [34mcolcon.colcon_core.environment[0m [1;30mLevel 1[0m create_file_with_runtime_dependencies(/home/gabriel/pb_omni_pid_pursuit_controller/install/pb_omni_pid_pursuit_controller/share/colcon-core/packages/pb_omni_pid_pursuit_controller)
[10.487s] [34mcolcon.colcon_parallel_executor.executor.parallel[0m [1;30mDEBUG[0m [32mclosing loop[0m
[10.487s] [34mcolcon.colcon_parallel_executor.executor.parallel[0m [1;30mDEBUG[0m [32mloop closed[0m
[10.487s] [34mcolcon.colcon_parallel_executor.executor.parallel[0m [1;30mDEBUG[0m [32mrun_until_complete finished with '0'[0m
[10.487s] [34mcolcon.colcon_core.event_reactor[0m [1;30mDEBUG[0m [32mjoining thread[0m
[10.499s] [34mcolcon.colcon_core.plugin_system[0m [1;30mINFO[0m Skipping extension 'colcon_notification.desktop_notification.terminal_notifier': Not used on non-Darwin systems
[10.499s] [34mcolcon.colcon_core.plugin_system[0m [1;30mINFO[0m Skipping extension 'colcon_notification.desktop_notification.win32': Not used on non-Windows systems
[10.499s] [34mcolcon.colcon_notification.desktop_notification[0m [1;30mINFO[0m Sending desktop notification using 'notify2'
[10.520s] [34mcolcon.colcon_core.event_reactor[0m [1;30mDEBUG[0m [32mjoined thread[0m
[10.520s] [34mcolcon.colcon_core.shell[0m [1;30mINFO[0m Creating prefix script '/home/gabriel/pb_omni_pid_pursuit_controller/install/local_setup.ps1'
[10.521s] [34mcolcon.colcon_core.shell[0m [1;30mINFO[0m Creating prefix util module '/home/gabriel/pb_omni_pid_pursuit_controller/install/_local_setup_util_ps1.py'
[10.522s] [34mcolcon.colcon_core.shell[0m [1;30mINFO[0m Creating prefix chain script '/home/gabriel/pb_omni_pid_pursuit_controller/install/setup.ps1'
[10.523s] [34mcolcon.colcon_core.shell[0m [1;30mINFO[0m Creating prefix script '/home/gabriel/pb_omni_pid_pursuit_controller/install/local_setup.sh'
[10.524s] [34mcolcon.colcon_core.shell[0m [1;30mINFO[0m Creating prefix util module '/home/gabriel/pb_omni_pid_pursuit_controller/install/_local_setup_util_sh.py'
[10.524s] [34mcolcon.colcon_core.shell[0m [1;30mINFO[0m Creating prefix chain script '/home/gabriel/pb_omni_pid_pursuit_controller/install/setup.sh'
[10.525s] [34mcolcon.colcon_core.shell[0m [1;30mINFO[0m Creating prefix script '/home/gabriel/pb_omni_pid_pursuit_controller/install/local_setup.bash'
[10.526s] [34mcolcon.colcon_core.shell[0m [1;30mINFO[0m Creating prefix chain script '/home/gabriel/pb_omni_pid_pursuit_controller/install/setup.bash'
[10.526s] [34mcolcon.colcon_core.shell[0m [1;30mINFO[0m Creating prefix script '/home/gabriel/pb_omni_pid_pursuit_controller/install/local_setup.zsh'
[10.527s] [34mcolcon.colcon_core.shell[0m [1;30mINFO[0m Creating prefix chain script '/home/gabriel/pb_omni_pid_pursuit_controller/install/setup.zsh'
